<?xml version="1.0" encoding="UTF-8"?>
<robot generator="Robot 3.1.1 (Python 3.6.5 on win32)" generated="20190606 08:32:08.015" rpa="false">
<suite id="s1" name="Dome" source="D:\workspace\dome">
<suite id="s1-s1" name="Case" source="D:\workspace\dome\case">
<suite id="s1-s1-s1" name="Login" source="D:\workspace\dome\case\login.robot">
<test id="s1-s1-s1-t1" name="登录">
<kw name="TestSetup" library="login_element">
<doc>启动用例时预设</doc>
<kw name="Set Selenium Implicit Wait" library="Selenium2Library">
<doc>Sets the implicit wait value used by Selenium.</doc>
<arguments>
<arg>${wait}</arg>
</arguments>
<status status="PASS" starttime="20190606 08:35:24.103" endtime="20190606 08:35:24.104"></status>
</kw>
<kw name="Set Selenium Timeout" library="Selenium2Library">
<doc>Sets the timeout that is used by various keywords.</doc>
<arguments>
<arg>${timeout}</arg>
</arguments>
<status status="PASS" starttime="20190606 08:35:24.105" endtime="20190606 08:35:24.105"></status>
</kw>
<kw name="OpenBrowser_Maximization" library="login_element">
<doc>打开浏览器</doc>
<kw name="Open Browser" library="Selenium2Library">
<doc>Opens a new browser instance to the given ``url``.</doc>
<arguments>
<arg>${url}</arg>
<arg>${browser}</arg>
</arguments>
<msg timestamp="20190606 08:35:24.114" level="INFO">Opening browser 'chrome' to base url 'http://i2m.jusdascm.com/ideas_test/#/'.</msg>
<status status="PASS" starttime="20190606 08:35:24.106" endtime="20190606 08:35:27.331"></status>
</kw>
<kw name="Maximize Browser Window" library="Selenium2Library">
<doc>Maximizes current browser window.</doc>
<status status="PASS" starttime="20190606 08:35:27.331" endtime="20190606 08:35:28.601"></status>
</kw>
<status status="PASS" starttime="20190606 08:35:24.106" endtime="20190606 08:35:28.603"></status>
</kw>
<status status="PASS" starttime="20190606 08:35:24.102" endtime="20190606 08:35:28.603"></status>
</kw>
<kw name="Login" library="login_element">
<doc>登录系统</doc>
<arguments>
<arg>G1702405</arg>
<arg>Jusda#123</arg>
</arguments>
<kw name="Input Text" library="Selenium2Library">
<doc>Types the given ``text`` into text field identified by ``locator``.</doc>
<arguments>
<arg>${input_name}</arg>
<arg>${name}</arg>
</arguments>
<msg timestamp="20190606 08:35:28.607" level="INFO">Typing text 'G1702405' into text field 'xpath=//*[@placeholder='请输入用户名']'.</msg>
<status status="PASS" starttime="20190606 08:35:28.605" endtime="20190606 08:35:28.909"></status>
</kw>
<kw name="Input Password" library="Selenium2Library">
<doc>Types the given password into text field identified by ``locator``.</doc>
<arguments>
<arg>${input_password}</arg>
<arg>${passwd}</arg>
</arguments>
<msg timestamp="20190606 08:35:28.910" level="INFO">Typing password into text field 'xpath=//*[@placeholder='请输入密码']'.</msg>
<status status="PASS" starttime="20190606 08:35:28.909" endtime="20190606 08:35:29.219"></status>
</kw>
<kw name="Sleep" library="BuiltIn">
<doc>Pauses the test executed for the given time.</doc>
<arguments>
<arg>3</arg>
</arguments>
<msg timestamp="20190606 08:35:32.222" level="INFO">Slept 3 seconds</msg>
<status status="PASS" starttime="20190606 08:35:29.220" endtime="20190606 08:35:32.223"></status>
</kw>
<kw name="Click Element" library="Selenium2Library">
<doc>Click element identified by ``locator``.</doc>
<arguments>
<arg>${click_login}</arg>
</arguments>
<msg timestamp="20190606 08:35:32.225" level="INFO">Clicking element 'xpath=//span[text()='登录']'.</msg>
<status status="PASS" starttime="20190606 08:35:32.223" endtime="20190606 08:35:32.340"></status>
</kw>
<kw name="Sleep" library="BuiltIn">
<doc>Pauses the test executed for the given time.</doc>
<arguments>
<arg>5</arg>
</arguments>
<msg timestamp="20190606 08:35:37.344" level="INFO">Slept 5 seconds</msg>
<status status="PASS" starttime="20190606 08:35:32.341" endtime="20190606 08:35:37.344"></status>
</kw>
<status status="PASS" starttime="20190606 08:35:28.604" endtime="20190606 08:35:37.344"></status>
</kw>
<kw name="TestTeardown" library="login_element">
<doc>案例结束时关闭浏览器</doc>
<kw name="Close All Browsers" library="Selenium2Library">
<doc>Closes all open browsers and resets the browser cache.</doc>
<status status="PASS" starttime="20190606 08:35:37.347" endtime="20190606 08:35:39.569"></status>
</kw>
<status status="PASS" starttime="20190606 08:35:37.345" endtime="20190606 08:35:39.570"></status>
</kw>
<doc>登录ideas系统</doc>
<status status="PASS" starttime="20190606 08:35:24.100" endtime="20190606 08:35:39.571" critical="yes"></status>
</test>
<status status="PASS" starttime="20190606 08:35:23.730" endtime="20190606 08:35:39.572"></status>
</suite>
<status status="PASS" starttime="20190606 08:35:23.726" endtime="20190606 08:35:39.575"></status>
</suite>
<status status="PASS" starttime="20190606 08:35:23.696" endtime="20190606 08:35:39.576"></status>
</suite>
<statistics>
<total>
<stat pass="1" fail="0">Critical Tests</stat>
<stat pass="1" fail="0">All Tests</stat>
</total>
<tag>
</tag>
<suite>
<stat pass="1" fail="0" id="s1" name="Dome">Dome</stat>
<stat pass="1" fail="0" id="s1-s1" name="Case">Dome.Case</stat>
<stat pass="1" fail="0" id="s1-s1-s1" name="Login">Dome.Case.Login</stat>
</suite>
</statistics>
<errors>
</errors>
</robot>
